SF:waldiez/__init__.py
DA:3,1
DA:4,1
DA:6,1
DA:7,1
DA:8,1
DA:9,1
DA:10,1
DA:12,1
DA:18,1
DA:21,1
DA:41,0
DA:46,1
DA:49,1
DA:52,1
DA:56,1
DA:57,1
DA:58,1
DA:61,1
DA:65,1
DA:66,1
DA:67,1
DA:68,1
DA:71,1
DA:72,1
DA:74,1
LF:25
LH:24
FN:21,41,FlamlFilter.filter
FNDA:0,FlamlFilter.filter
FN:52,58,_check_conflicts
FNDA:1,_check_conflicts
FN:61,68,_handle_flaml_logging
FNDA:1,_handle_flaml_logging
FNF:3
FNH:2
end_of_record
SF:waldiez/__main__.py
DA:3,1
LF:1
LH:1
end_of_record
SF:waldiez/_version.py
DA:3,1
LF:1
LH:1
end_of_record
SF:waldiez/cli.py
DA:4,1
DA:5,1
DA:6,1
DA:7,1
DA:8,1
DA:9,1
DA:10,1
DA:12,1
DA:13,1
DA:15,1
DA:16,1
DA:17,1
DA:18,1
DA:20,1
DA:28,1
DA:45,1
DA:46,1
DA:55,1
DA:56,1
DA:57,1
DA:60,1
DA:61,1
DA:90,1
DA:91,1
DA:92,1
DA:93,1
DA:94,0
DA:95,0
DA:96,0
DA:97,1
DA:98,1
DA:99,1
DA:100,0
DA:101,0
DA:102,0
DA:103,0
DA:104,0
DA:105,0
DA:106,0
DA:108,0
DA:111,1
DA:112,1
DA:145,1
DA:146,1
DA:147,1
DA:148,1
DA:149,0
DA:150,0
DA:151,0
DA:152,1
DA:153,1
DA:154,1
DA:155,1
DA:156,1
DA:159,1
DA:160,1
DA:175,1
DA:176,1
DA:177,1
DA:178,1
DA:181,1
DA:182,1
DA:183,1
DA:184,1
DA:185,0
DA:186,1
DA:187,0
DA:188,0
DA:189,0
DA:190,0
DA:191,1
DA:194,1
DA:209,1
DA:210,0
DA:216,1
DA:217,1
DA:218,1
DA:219,1
DA:220,1
DA:223,1
DA:225,1
DA:226,1
DA:227,1
DA:228,1
DA:229,1
DA:230,1
DA:233,1
LF:87
LH:67
FN:46,57,show_version
FNDA:1,show_version
FN:61,108,run
FNDA:1,run
FN:112,156,convert
FNDA:1,convert
FN:160,178,check
FNDA:1,check
FN:181,191,_get_output_path
FNDA:1,_get_output_path
FN:194,220,_get_logger
FNDA:1,_get_logger
FN:223,230,_log_result
FNDA:1,_log_result
FNF:7
FNH:7
end_of_record
SF:waldiez/cli_extras.py
DA:7,1
DA:8,1
DA:10,1
DA:11,1
DA:12,1
DA:13,1
DA:15,0
DA:16,1
DA:17,1
DA:19,1
DA:20,1
DA:22,0
DA:23,1
DA:24,1
DA:27,1
DA:40,1
DA:41,0
DA:42,1
DA:43,0
DA:44,0
DA:47,1
DA:55,0
DA:73,0
DA:77,0
DA:100,0
DA:109,0
DA:110,0
DA:111,0
DA:112,0
DA:114,0
DA:115,0
DA:116,0
DA:118,0
LF:33
LH:16
FN:27,44,add_cli_extras
FNDA:1,add_cli_extras
FN:47,118,get_jupyter_app
FNDA:0,get_jupyter_app
FN:77,116,get_jupyter_app.start
FNDA:0,get_jupyter_app.start
FNF:3
FNH:1
end_of_record
SF:waldiez/conflict_checker.py
DA:5,1
DA:6,1
LF:2
LH:2
FN:10,25,check_conflicts
FNDA:0,check_conflicts
FNF:1
FNH:0
end_of_record
SF:waldiez/exporter.py
DA:17,1
DA:18,1
DA:19,1
DA:20,1
DA:21,1
DA:22,1
DA:24,1
DA:25,1
DA:34,1
DA:41,1
DA:42,1
DA:43,1
DA:44,1
DA:45,1
DA:46,1
DA:47,1
DA:48,1
DA:50,1
DA:56,1
DA:57,1
DA:59,1
DA:60,1
DA:73,1
DA:74,1
DA:76,1
DA:84,1
DA:85,1
DA:86,1
DA:87,1
DA:88,1
DA:89,1
DA:90,1
DA:91,1
DA:92,1
DA:93,1
DA:94,1
DA:97,1
DA:98,1
DA:99,1
DA:100,1
DA:103,1
DA:104,1
DA:105,1
DA:106,1
DA:109,1
DA:110,1
DA:111,1
DA:112,1
DA:115,1
DA:116,1
DA:117,1
DA:118,1
DA:119,1
DA:120,1
DA:121,1
DA:122,1
DA:123,1
DA:124,1
DA:126,1
DA:145,1
DA:146,1
DA:147,1
DA:148,1
DA:149,1
DA:150,1
DA:151,1
DA:152,1
DA:153,1
DA:154,1
DA:155,1
DA:156,1
DA:157,1
DA:158,1
DA:159,1
DA:160,1
DA:161,1
DA:163,1
DA:165,1
DA:178,1
DA:179,1
DA:180,1
DA:181,1
DA:182,1
DA:183,1
DA:186,1
DA:197,1
DA:198,1
DA:199,1
DA:205,1
DA:209,1
DA:212,1
DA:213,1
DA:215,1
DA:223,1
DA:224,1
DA:225,1
DA:226,1
DA:227,1
DA:228,1
DA:229,1
DA:230,1
DA:231,1
DA:241,1
DA:242,1
DA:243,1
DA:245,1
DA:253,1
DA:254,1
DA:257,1
DA:278,1
DA:279,1
DA:281,1
DA:282,1
LF:113
LH:113
FN:50,57,WaldiezExporter.__init__
FNDA:1,WaldiezExporter.__init__
FN:60,74,WaldiezExporter.load
FNDA:1,WaldiezExporter.load
FN:76,124,WaldiezExporter._initialize
FNDA:1,WaldiezExporter._initialize
FN:126,163,WaldiezExporter.export
FNDA:1,WaldiezExporter.export
FN:165,213,WaldiezExporter.to_ipynb
FNDA:1,WaldiezExporter.to_ipynb
FN:215,243,WaldiezExporter.to_py
FNDA:1,WaldiezExporter.to_py
FN:245,254,WaldiezExporter.to_waldiez
FNDA:1,WaldiezExporter.to_waldiez
FN:257,293,run_command
FNDA:1,run_command
FNF:8
FNH:8
end_of_record
SF:waldiez/exporting/__init__.py
DA:3,1
DA:4,1
DA:5,1
DA:6,1
DA:8,1
LF:5
LH:5
end_of_record
SF:waldiez/exporting/agents/__init__.py
DA:3,1
DA:5,1
LF:2
LH:2
end_of_record
SF:waldiez/exporting/agents/agent.py
DA:3,1
DA:5,1
DA:7,1
DA:8,1
DA:9,1
DA:10,1
DA:11,1
DA:12,1
DA:13,1
DA:16,1
DA:29,1
DA:30,1
DA:31,1
DA:32,1
DA:33,1
DA:34,1
DA:35,1
DA:36,1
DA:37,1
DA:38,1
DA:42,1
DA:55,1
DA:56,1
DA:57,1
DA:58,1
DA:59,1
DA:60,1
DA:61,1
DA:62,1
DA:63,1
DA:64,1
DA:68,1
DA:69,1
DA:73,1
DA:76,1
DA:89,1
DA:90,1
DA:91,1
DA:98,1
DA:171,1
DA:172,1
DA:173,1
DA:174,1
DA:175,1
DA:178,1
DA:179,1
DA:180,1
DA:183,1
DA:184,1
DA:185,1
DA:186,1
DA:189,1
DA:190,1
DA:191,1
DA:194,1
DA:195,1
DA:196,1
DA:197,1
DA:198,1
DA:199,1
DA:200,1
DA:201,1
DA:202,1
DA:203,1
DA:204,1
DA:207,1
DA:213,1
DA:214,1
DA:225,1
DA:228,1
DA:229,1
DA:230,1
DA:231,1
DA:232,1
LF:74
LH:74
FN:16,39,get_agent_class_name
FNDA:1,get_agent_class_name
FN:42,73,get_agent_imports
FNDA:1,get_agent_imports
FN:76,94,get_system_message_arg
FNDA:1,get_system_message_arg
FN:98,236,export_agent
FNDA:1,export_agent
FNF:4
FNH:4
end_of_record
SF:waldiez/exporting/agents/agent_skills.py
DA:3,1
DA:5,1
DA:7,1
DA:10,1
DA:46,1
DA:47,1
DA:48,1
DA:49,1
DA:50,1
DA:51,1
DA:54,1
DA:57,1
DA:58,1
DA:67,1
LF:14
LH:14
FN:10,67,get_agent_skill_registrations
FNDA:1,get_agent_skill_registrations
FNF:1
FNH:1
end_of_record
SF:waldiez/exporting/agents/code_execution.py
DA:3,1
DA:5,1
DA:8,1
DA:29,1
DA:30,1
DA:31,1
DA:32,1
DA:33,1
DA:34,1
DA:39,1
DA:40,1
DA:41,1
DA:44,1
DA:45,1
DA:46,1
DA:49,1
DA:50,1
DA:51,1
DA:52,1
DA:53,1
DA:54,1
DA:56,1
DA:59,1
DA:66,1
DA:67,1
LF:25
LH:25
FN:8,67,get_agent_code_execution_config
FNDA:1,get_agent_code_execution_config
FNF:1
FNH:1
end_of_record
SF:waldiez/exporting/agents/group_manager.py
DA:3,1
DA:5,1
DA:7,1
DA:10,1
DA:32,1
DA:33,1
DA:34,1
DA:35,1
DA:36,1
DA:39,1
DA:40,1
DA:41,1
DA:42,1
DA:43,1
DA:44,1
DA:45,1
DA:48,1
DA:73,1
DA:74,1
DA:75,1
DA:78,1
DA:79,1
DA:80,1
DA:83,1
DA:86,1
DA:87,1
DA:88,1
DA:89,1
DA:90,1
DA:91,1
DA:94,1
DA:95,1
DA:96,1
DA:97,1
DA:98,1
DA:99,1
DA:104,1
DA:107,1
DA:126,1
DA:127,1
DA:128,1
DA:129,1
DA:134,1
DA:135,1
DA:141,1
DA:142,1
DA:143,1
DA:147,1
DA:149,1
DA:150,1
DA:154,1
DA:158,1
DA:161,1
DA:162,1
DA:165,1
DA:168,1
DA:169,1
DA:170,1
DA:175,1
DA:177,1
DA:181,1
DA:182,1
DA:185,1
DA:188,1
DA:189,1
DA:190,1
DA:194,1
DA:197,1
DA:200,1
DA:201,1
DA:205,1
DA:209,1
LF:72
LH:72
FN:10,45,get_group_manager_extras
FNDA:1,get_group_manager_extras
FN:48,104,_get_group_manager_extras
FNDA:1,_get_group_manager_extras
FN:107,162,_get_group_chat_speakers_string
FNDA:1,_get_group_chat_speakers_string
FN:165,182,_get_speakers_selection_repeat_string
FNDA:1,_get_speakers_selection_repeat_string
FN:185,209,_get_speakers_selection_transition_string
FNDA:1,_get_speakers_selection_transition_string
FNF:5
FNH:5
end_of_record
SF:waldiez/exporting/agents/llm_config.py
DA:3,1
DA:5,1
DA:7,1
DA:10,1
DA:35,1
DA:36,1
DA:38,1
DA:39,1
DA:41,1
DA:42,1
DA:43,1
DA:44,1
DA:45,1
DA:53,1
LF:14
LH:14
FN:10,53,get_agent_llm_config
FNDA:1,get_agent_llm_config
FNF:1
FNH:1
end_of_record
SF:waldiez/exporting/agents/rag_user/__init__.py
DA:3,1
DA:5,1
LF:2
LH:2
end_of_record
SF:waldiez/exporting/agents/rag_user/chroma_utils.py
DA:3,1
DA:4,1
DA:6,1
DA:9,1
DA:25,1
DA:26,1
DA:27,1
DA:34,1
DA:35,1
DA:40,1
DA:41,1
DA:44,1
DA:61,1
DA:62,1
DA:63,1
DA:64,1
DA:65,1
DA:66,1
DA:70,1
DA:71,1
DA:73,1
DA:74,1
DA:79,1
DA:82,1
DA:103,1
DA:104,1
DA:107,1
DA:108,1
DA:109,1
DA:110,1
DA:121,1
DA:122,1
DA:123,1
DA:124,1
DA:125,1
DA:126,1
DA:131,1
DA:138,1
LF:38
LH:38
FN:9,41,_get_chroma_client_string
FNDA:1,_get_chroma_client_string
FN:44,79,_get_chroma_embedding_function_string
FNDA:1,_get_chroma_embedding_function_string
FN:82,138,get_chroma_db_args
FNDA:1,get_chroma_db_args
FNF:3
FNH:3
end_of_record
SF:waldiez/exporting/agents/rag_user/mongo_utils.py
DA:3,1
DA:5,1
DA:8,1
DA:25,1
DA:26,1
DA:27,1
DA:28,1
DA:29,1
DA:30,1
DA:36,1
DA:37,1
DA:41,1
DA:44,1
DA:61,1
DA:64,1
DA:67,1
DA:68,1
DA:69,1
DA:73,1
DA:74,1
DA:75,1
DA:76,1
DA:79,1
DA:80,1
DA:83,1
LF:25
LH:25
FN:8,41,_get_mongodb_embedding_function_string
FNDA:1,_get_mongodb_embedding_function_string
FN:44,83,get_mongodb_db_args
FNDA:1,get_mongodb_db_args
FNF:2
FNH:2
end_of_record
SF:waldiez/exporting/agents/rag_user/pgvector_utils.py
DA:3,1
DA:5,1
DA:8,1
DA:21,1
DA:22,1
DA:23,1
DA:24,1
DA:25,1
DA:28,1
DA:45,1
DA:46,1
DA:47,1
DA:48,1
DA:49,1
DA:50,1
DA:55,1
DA:56,1
DA:57,1
DA:60,1
DA:63,1
DA:80,1
DA:81,1
DA:84,1
DA:89,1
DA:93,1
LF:25
LH:25
FN:8,25,_get_pgvector_client_string
FNDA:1,_get_pgvector_client_string
FN:28,60,_get_pgvector_embedding_function_string
FNDA:1,_get_pgvector_embedding_function_string
FN:63,93,get_pgvector_db_args
FNDA:1,get_pgvector_db_args
FNF:3
FNH:3
end_of_record
SF:waldiez/exporting/agents/rag_user/qdrant_utils.py
DA:3,1
DA:4,1
DA:6,1
DA:9,1
DA:24,1
DA:25,1
DA:26,1
DA:27,1
DA:28,1
DA:32,1
DA:33,1
DA:34,1
DA:35,1
DA:40,1
DA:41,1
DA:44,1
DA:62,1
DA:63,1
DA:64,1
DA:65,1
DA:66,1
DA:67,1
DA:71,1
DA:72,1
DA:74,1
DA:75,1
DA:79,1
DA:82,1
DA:99,1
DA:100,1
DA:103,1
DA:108,1
DA:112,1
LF:33
LH:33
FN:9,41,_get_qdrant_client_string
FNDA:1,_get_qdrant_client_string
FN:44,79,_get_qdrant_embedding_function_string
FNDA:1,_get_qdrant_embedding_function_string
FN:82,112,get_qdrant_db_args
FNDA:1,get_qdrant_db_args
FNF:3
FNH:3
end_of_record
SF:waldiez/exporting/agents/rag_user/rag_user.py
DA:3,1
DA:5,1
DA:12,1
DA:13,1
DA:16,1
DA:39,1
DA:40,1
DA:41,1
DA:45,1
DA:46,1
DA:47,1
DA:48,1
DA:49,1
DA:54,1
DA:55,1
DA:56,1
DA:57,1
DA:62,1
DA:64,1
DA:66,1
DA:67,1
DA:68,1
DA:69,1
DA:71,1
DA:76,1
DA:80,1
DA:81,1
DA:82,1
DA:85,1
DA:106,1
DA:107,1
DA:108,1
DA:109,1
DA:110,1
DA:115,1
DA:116,1
DA:117,1
DA:118,1
DA:119,1
DA:140,1
DA:145,1
DA:146,1
DA:150,1
DA:156,1
DA:157,1
DA:158,1
DA:159,1
DA:160,1
DA:161,1
DA:162,1
DA:163,1
DA:168,1
DA:169,1
DA:170,1
DA:171,1
DA:172,1
DA:183,1
DA:184,1
DA:185,1
LF:59
LH:59
FN:16,82,get_rag_user_retrieve_config_str
FNDA:1,get_rag_user_retrieve_config_str
FN:85,119,get_rag_user_extras
FNDA:1,get_rag_user_extras
FN:122,137,_get_model_arg
FNDA:0,_get_model_arg
FN:140,185,_get_args_dict
FNDA:1,_get_args_dict
FNF:4
FNH:3
end_of_record
SF:waldiez/exporting/agents/rag_user/vector_db.py
DA:5,1
DA:7,1
DA:9,1
DA:10,1
DA:11,1
DA:12,1
DA:15,1
DA:30,1
DA:31,1
DA:32,1
DA:33,1
DA:34,1
DA:35,1
DA:36,1
DA:37,1
DA:38,1
DA:39,1
DA:40,1
DA:41,1
DA:42,1
DA:43,1
DA:46,1
DA:73,1
DA:74,1
DA:75,1
DA:76,1
DA:77,1
DA:78,1
DA:79,1
DA:80,1
DA:81,1
DA:84,1
DA:87,1
DA:88,1
DA:89,1
DA:92,1
DA:95,1
DA:96,1
DA:97,1
DA:100,1
DA:103,1
DA:104,1
DA:107,1
DA:108,1
DA:111,1
DA:112,1
DA:113,1
DA:114,1
DA:115,1
DA:116,1
DA:117,1
DA:118,1
DA:119,1
DA:120,1
LF:54
LH:54
FN:15,43,_get_metadata_arg
FNDA:1,_get_metadata_arg
FN:46,120,get_rag_user_vector_db_string
FNDA:1,get_rag_user_vector_db_string
FNF:2
FNH:2
end_of_record
SF:waldiez/exporting/agents/teachability.py
DA:3,1
DA:5,1
DA:8,1
DA:26,1
DA:27,1
DA:28,1
DA:29,1
DA:30,1
DA:31,1
DA:32,1
DA:33,1
DA:34,1
DA:35,1
DA:36,1
DA:37,1
LF:15
LH:15
FN:8,37,get_agent_teachability_string
FNDA:1,get_agent_teachability_string
FNF:1
FNH:1
end_of_record
SF:waldiez/exporting/agents/termination_message.py
DA:3,1
DA:5,1
DA:8,1
DA:31,1
DA:32,1
DA:33,1
DA:34,1
DA:35,1
DA:36,1
DA:37,1
DA:44,1
DA:45,1
LF:12
LH:12
FN:8,45,get_is_termination_message
FNDA:1,get_is_termination_message
FNF:1
FNH:1
end_of_record
SF:waldiez/exporting/chats/__init__.py
DA:11,1
DA:12,1
DA:14,1
LF:3
LH:3
end_of_record
SF:waldiez/exporting/chats/chats.py
DA:3,1
DA:5,1
DA:7,1
DA:10,1
DA:34,1
DA:35,1
DA:41,1
LF:7
LH:7
FN:10,46,export_chats
FNDA:1,export_chats
FNF:1
FNH:1
end_of_record
SF:waldiez/exporting/chats/helpers.py
DA:12,1
DA:14,1
DA:21,1
DA:25,1
DA:77,1
DA:78,1
DA:79,1
DA:80,1
DA:81,1
DA:82,1
DA:89,1
DA:100,1
DA:177,1
DA:178,1
DA:179,1
DA:180,1
DA:181,1
DA:182,1
DA:190,1
DA:191,1
DA:192,1
DA:193,1
DA:196,1
DA:209,1
DA:212,1
DA:213,1
DA:214,1
DA:215,1
DA:218,1
DA:238,1
DA:244,1
DA:245,1
DA:246,1
DA:247,1
DA:248,1
DA:249,1
DA:250,1
DA:251,1
DA:252,1
DA:255,1
DA:289,1
DA:290,1
DA:291,1
DA:292,1
DA:293,1
DA:294,1
DA:295,1
DA:296,1
DA:297,1
DA:298,1
DA:299,1
DA:300,1
DA:305,1
DA:306,1
DA:311,1
DA:312,1
DA:313,1
DA:314,1
DA:315,1
DA:319,1
DA:320,1
DA:321,1
DA:322,1
DA:323,1
DA:324,1
DA:325,1
DA:326,1
DA:327,1
DA:328,1
DA:331,1
DA:338,1
DA:339,1
DA:340,1
DA:341,1
DA:342,1
DA:343,1
DA:350,1
DA:351,1
DA:352,1
DA:355,1
DA:362,1
DA:363,1
DA:364,1
DA:369,1
DA:370,1
DA:371,1
DA:375,1
DA:376,1
DA:377,1
DA:378,1
DA:381,1
DA:382,1
DA:383,1
DA:384,1
DA:388,1
DA:397,1
DA:398,1
DA:399,1
DA:400,1
DA:401,1
DA:402,1
DA:403,1
DA:404,1
DA:405,1
DA:406,1
DA:410,1
DA:411,1
DA:418,1
DA:419,1
DA:420,1
LF:110
LH:110
FN:25,97,export_single_chat_string
FNDA:1,export_single_chat_string
FN:100,193,export_multiple_chats_string
FNDA:1,export_multiple_chats_string
FN:196,215,escape_summary_args_quotes
FNDA:1,escape_summary_args_quotes
FN:218,252,_get_chat_message_string
FNDA:1,_get_chat_message_string
FN:255,328,_get_chat_dict_string
FNDA:1,_get_chat_dict_string
FN:331,352,_get_empty_simple_chat_string
FNDA:1,_get_empty_simple_chat_string
FN:355,385,_get_chat_message
FNDA:1,_get_chat_message
FN:388,420,_get_simple_chat_string
FNDA:1,_get_simple_chat_string
FNF:8
FNH:8
end_of_record
SF:waldiez/exporting/chats/nested.py
DA:3,1
DA:5,1
DA:12,1
DA:13,1
DA:16,1
DA:34,1
DA:35,1
DA:36,1
DA:39,1
DA:66,1
DA:67,1
DA:68,1
DA:71,1
DA:72,1
DA:73,1
DA:74,1
DA:75,1
DA:76,1
DA:77,1
DA:78,1
DA:79,1
DA:82,1
DA:83,1
DA:84,1
DA:86,1
DA:89,1
DA:90,1
DA:93,1
DA:94,1
DA:97,1
DA:100,1
DA:127,1
DA:128,1
DA:129,1
DA:130,1
DA:131,1
DA:138,1
DA:139,1
DA:140,1
DA:141,1
DA:142,1
DA:143,1
DA:144,1
DA:147,1
DA:170,1
DA:175,1
DA:176,1
DA:177,1
DA:178,1
DA:179,1
DA:180,1
DA:181,1
DA:182,1
DA:183,1
DA:184,1
DA:185,1
DA:186,1
DA:189,1
DA:213,1
DA:214,1
DA:215,1
DA:216,1
DA:217,1
DA:218,1
DA:219,1
DA:220,1
DA:223,1
DA:230,1
DA:231,1
DA:232,1
DA:233,1
DA:238,1
DA:239,1
DA:245,1
DA:246,1
DA:247,1
DA:248,1
DA:249,1
LF:78
LH:78
FN:16,36,get_nested_chat_trigger_agent_names
FNDA:1,get_nested_chat_trigger_agent_names
FN:39,97,get_nested_chat_message_string
FNDA:1,get_nested_chat_message_string
FN:100,144,get_nested_chat_queue
FNDA:1,get_nested_chat_queue
FN:147,186,get_chat_nested_string
FNDA:1,get_chat_nested_string
FN:189,256,export_nested_chat
FNDA:1,export_nested_chat
FNF:5
FNH:5
end_of_record
SF:waldiez/exporting/flow/__init__.py
DA:3,1
DA:5,1
LF:2
LH:2
end_of_record
SF:waldiez/exporting/flow/def_main.py
DA:3,1
DA:6,1
DA:24,1
DA:28,1
DA:29,1
DA:30,1
DA:31,1
DA:32,1
LF:8
LH:8
FN:6,32,get_def_main
FNDA:1,get_def_main
FNF:1
FNH:1
end_of_record
SF:waldiez/exporting/flow/flow.py
DA:3,1
DA:4,1
DA:6,1
DA:14,1
DA:15,1
DA:16,1
DA:17,1
DA:18,1
DA:27,1
DA:31,1
DA:69,1
DA:70,1
DA:71,1
DA:72,1
DA:73,1
DA:76,1
DA:77,1
DA:78,1
DA:83,1
DA:89,1
DA:92,1
DA:97,1
DA:98,1
DA:99,1
DA:100,1
DA:109,1
DA:110,1
DA:111,1
DA:112,1
DA:113,1
DA:115,1
DA:116,1
DA:122,1
DA:123,1
DA:124,1
DA:125,1
DA:131,1
DA:137,1
DA:150,1
DA:160,1
DA:161,1
DA:162,1
DA:163,1
DA:164,1
DA:165,1
DA:166,1
DA:167,1
DA:168,1
DA:169,1
DA:170,1
DA:176,1
DA:179,1
DA:180,1
DA:181,1
DA:182,1
DA:183,1
DA:185,1
DA:186,1
DA:187,1
DA:188,1
DA:189,1
LF:61
LH:61
FN:31,146,export_flow
FNDA:1,export_flow
FN:150,189,_combine_strings
FNDA:1,_combine_strings
FNF:2
FNH:2
end_of_record
SF:waldiez/exporting/models/__init__.py
DA:9,1
DA:10,1
DA:12,1
DA:14,1
DA:17,1
DA:78,1
DA:79,1
DA:80,1
DA:81,1
DA:82,1
DA:83,1
DA:84,1
DA:88,1
DA:89,1
DA:90,1
DA:91,1
DA:92,1
DA:93,1
DA:94,1
DA:95,1
DA:98,1
DA:183,1
DA:184,1
DA:185,1
DA:186,1
DA:187,1
DA:188,1
DA:189,1
DA:190,1
DA:191,1
DA:192,1
DA:193,1
DA:196,1
DA:213,1
DA:218,1
DA:219,1
DA:220,1
DA:221,1
DA:223,1
DA:241,1
DA:244,1
LF:41
LH:41
FN:17,95,export_models
FNDA:1,export_models
FN:98,193,export_agent_models
FNDA:1,export_agent_models
FN:196,244,write_api_keys
FNDA:1,write_api_keys
FNF:3
FNH:3
end_of_record
SF:waldiez/exporting/skills/__init__.py
DA:11,1
DA:12,1
DA:14,1
DA:16,1
DA:19,1
DA:61,1
DA:62,1
DA:69,1
DA:72,1
DA:88,1
DA:89,1
DA:90,1
DA:91,1
DA:92,1
DA:93,1
DA:94,1
DA:95,1
DA:98,1
DA:141,1
DA:142,1
DA:143,1
DA:144,1
DA:145,1
DA:146,1
DA:147,1
DA:148,1
DA:149,1
DA:150,1
DA:151,1
DA:152,1
DA:155,1
DA:159,1
DA:160,1
DA:161,1
DA:162,1
DA:163,1
LF:36
LH:36
FN:19,69,get_agent_skill_registration
FNDA:1,get_agent_skill_registration
FN:72,95,_write_skill_secrets
FNDA:1,_write_skill_secrets
FN:98,163,export_skills
FNDA:1,export_skills
FNF:3
FNH:3
end_of_record
SF:waldiez/exporting/utils/__init__.py
DA:3,1
DA:4,1
DA:5,1
DA:11,1
DA:12,1
DA:17,1
DA:18,1
DA:20,1
LF:8
LH:8
end_of_record
SF:waldiez/exporting/utils/comments.py
DA:12,1
DA:14,1
DA:16,1
DA:30,1
DA:53,1
DA:54,1
DA:55,1
DA:56,1
DA:59,1
DA:91,1
DA:92,1
DA:93,1
DA:94,1
DA:95,1
DA:96,1
DA:97,1
DA:98,1
DA:99,1
DA:100,1
DA:101,1
DA:102,1
DA:103,1
DA:106,1
DA:131,1
DA:132,1
DA:133,1
DA:134,1
DA:135,1
DA:136,1
LF:29
LH:29
FN:30,56,comment
FNDA:1,comment
FN:59,103,get_comment
FNDA:1,get_comment
FN:106,136,get_pylint_ignore_comment
FNDA:1,get_pylint_ignore_comment
FNF:3
FNH:3
end_of_record
SF:waldiez/exporting/utils/importing.py
DA:11,1
DA:13,1
DA:24,1
DA:53,1
DA:54,1
DA:55,1
DA:56,1
DA:57,1
DA:58,1
DA:59,1
DA:60,1
DA:63,1
DA:106,1
DA:107,1
DA:108,1
DA:109,1
DA:110,1
DA:111,1
DA:112,1
DA:113,1
DA:114,1
DA:115,1
DA:116,1
DA:117,1
DA:118,1
DA:119,1
DA:120,1
DA:124,1
DA:130,1
DA:131,1
DA:132,1
DA:133,1
DA:134,1
DA:135,1
DA:136,1
DA:138,1
DA:139,1
DA:140,1
DA:141,1
DA:142,1
DA:143,1
DA:147,1
DA:148,1
DA:153,1
DA:154,1
DA:155,1
DA:158,1
DA:161,1
DA:167,1
DA:168,1
DA:169,1
DA:170,1
DA:171,1
DA:174,1
DA:179,1
DA:180,1
DA:181,1
DA:182,1
DA:183,1
DA:187,1
DA:188,1
DA:189,1
DA:190,1
DA:191,1
DA:192,1
DA:193,1
DA:194,1
DA:195,1
DA:196,1
DA:197,1
DA:198,1
DA:199,1
DA:200,1
DA:201,1
DA:202,1
DA:204,1
DA:205,1
DA:206,1
DA:209,1
DA:213,1
DA:214,1
DA:215,1
DA:216,1
DA:217,1
DA:218,1
DA:219,1
DA:220,1
DA:221,1
DA:222,1
DA:223,1
DA:224,1
DA:225,1
DA:226,1
DA:228,1
DA:230,1
DA:231,1
DA:233,1
DA:234,1
DA:235,1
DA:236,1
DA:239,1
DA:241,1
DA:242,1
DA:247,1
DA:249,1
DA:251,1
DA:252,1
DA:253,1
DA:254,1
DA:257,1
DA:260,1
DA:262,1
DA:263,1
DA:264,1
DA:265,1
LF:115
LH:115
FN:24,60,add_autogen_dot_import
FNDA:1,add_autogen_dot_import
FN:63,120,get_imports_string
FNDA:1,get_imports_string
FN:124,158,_get_builtin_imports_string
FNDA:1,_get_builtin_imports_string
FN:161,171,_get_autogen_import
FNDA:1,_get_autogen_import
FN:174,206,_prepare_imports
FNDA:1,_prepare_imports
FN:209,236,_get_autogen_imports
FNDA:1,_get_autogen_imports
FN:239,257,_get_third_party_imports_string
FNDA:1,_get_third_party_imports_string
FN:260,265,_get_skill_imports_string
FNDA:1,_get_skill_imports_string
FNF:8
FNH:8
end_of_record
SF:waldiez/exporting/utils/logging_utils.py
DA:22,1
DA:45,1
DA:46,1
DA:47,1
DA:48,1
DA:49,1
DA:50,1
DA:53,1
DA:73,1
DA:74,1
DA:78,1
DA:115,1
DA:116,1
DA:119,1
DA:120,1
DA:121,1
DA:122,1
DA:123,1
DA:124,1
DA:125,1
DA:126,1
DA:127,1
DA:128,1
DA:129,1
DA:130,1
DA:131,1
DA:132,1
DA:133,1
DA:134,1
DA:135,1
DA:136,1
DA:137,1
DA:138,1
DA:139,1
DA:140,1
DA:141,1
DA:144,1
DA:147,1
DA:148,1
DA:149,1
DA:150,1
DA:153,1
DA:185,1
DA:194,1
DA:195,1
DA:196,1
DA:197,1
DA:198,1
DA:199,1
DA:200,1
DA:201,1
DA:202,1
DA:203,1
DA:204,1
LF:54
LH:54
FN:22,50,get_logging_start_string
FNDA:1,get_logging_start_string
FN:53,74,get_logging_stop_string
FNDA:1,get_logging_stop_string
FN:78,150,get_sqlite_to_csv_string
FNDA:1,get_sqlite_to_csv_string
FN:153,204,get_sqlite_to_csv_call_string
FNDA:1,get_sqlite_to_csv_call_string
FNF:4
FNH:4
end_of_record
SF:waldiez/exporting/utils/method_utils.py
DA:3,1
DA:6,1
DA:25,1
DA:26,1
DA:27,1
DA:28,1
DA:30,1
DA:31,1
DA:32,1
DA:33,1
DA:34,1
DA:35,1
LF:12
LH:12
FN:6,35,get_method_string
FNDA:1,get_method_string
FNF:1
FNH:1
end_of_record
SF:waldiez/exporting/utils/naming.py
DA:13,1
DA:14,1
DA:17,1
DA:37,1
DA:50,1
DA:51,1
DA:52,1
DA:53,1
DA:54,1
DA:55,1
DA:56,1
DA:58,1
DA:62,1
DA:63,1
DA:64,1
DA:65,1
DA:66,1
DA:67,1
DA:68,1
DA:71,1
DA:98,1
DA:99,1
DA:100,1
DA:101,1
DA:102,1
DA:103,1
DA:104,1
DA:105,1
DA:106,1
DA:107,1
DA:108,1
DA:109,1
DA:110,1
DA:111,1
DA:114,1
DA:127,1
LF:36
LH:36
FN:17,68,get_valid_python_variable_name
FNDA:1,get_valid_python_variable_name
FN:37,56,get_valid_python_variable_name.replacement
FNDA:1,get_valid_python_variable_name.replacement
FN:71,111,get_valid_instance_name
FNDA:1,get_valid_instance_name
FN:114,127,get_escaped_string
FNDA:1,get_escaped_string
FNF:4
FNH:4
end_of_record
SF:waldiez/exporting/utils/object_string.py
DA:6,1
DA:9,1
DA:52,1
DA:53,1
DA:56,1
DA:57,1
DA:58,1
DA:59,1
DA:63,1
DA:64,1
DA:65,1
DA:67,1
DA:68,1
DA:69,1
DA:70,1
DA:72,1
DA:73,1
DA:74,1
DA:76,1
DA:77,1
DA:78,1
DA:79,1
DA:81,1
DA:82,1
DA:83,1
LF:25
LH:25
FN:9,83,get_object_string
FNDA:1,get_object_string
FNF:1
FNH:1
end_of_record
SF:waldiez/exporting/utils/path_check.py
DA:3,1
DA:4,1
DA:5,1
DA:10,1
DA:23,1
DA:24,1
DA:27,1
DA:28,1
DA:29,1
DA:32,1
DA:47,1
DA:48,1
DA:51,1
LF:13
LH:13
FN:10,29,_check_local_path
FNDA:1,_check_local_path
FN:32,51,get_path_string
FNDA:1,get_path_string
FNF:2
FNH:2
end_of_record
SF:waldiez/models/__init__.py
DA:10,1
DA:40,1
DA:48,1
DA:49,1
DA:50,1
DA:56,1
DA:57,1
DA:60,1
LF:8
LH:8
end_of_record
SF:waldiez/models/agents/__init__.py
DA:3,1
DA:14,1
DA:15,1
DA:16,1
DA:24,1
DA:34,1
DA:36,1
LF:7
LH:7
end_of_record
SF:waldiez/models/agents/agent/__init__.py
DA:3,1
DA:4,1
DA:5,1
DA:6,1
DA:7,1
DA:8,1
DA:9,1
DA:11,1
LF:8
LH:8
end_of_record
SF:waldiez/models/agents/agent/agent.py
DA:3,1
DA:5,1
DA:6,1
DA:8,1
DA:9,1
DA:10,1
DA:12,1
DA:15,1
DA:50,1
DA:53,1
DA:61,1
DA:69,1
DA:72,1
DA:80,1
DA:88,1
DA:96,1
DA:104,1
DA:112,1
DA:121,1
DA:139,1
DA:140,1
DA:141,1
DA:144,1
DA:145,1
DA:149,1
DA:163,1
DA:164,1
DA:165,1
DA:169,1
DA:183,1
DA:186,1
DA:187,1
DA:188,1
LF:33
LH:33
FN:121,147,WaldiezAgent.validate_linked_skills
FNDA:1,WaldiezAgent.validate_linked_skills
FN:149,167,WaldiezAgent.validate_linked_models
FNDA:1,WaldiezAgent.validate_linked_models
FN:169,190,WaldiezAgent.validate_code_execution
FNDA:1,WaldiezAgent.validate_code_execution
FNF:3
FNH:3
end_of_record
SF:waldiez/models/agents/agent/agent_data.py
DA:3,1
DA:5,1
DA:6,1
DA:7,1
DA:9,1
DA:10,1
DA:11,1
DA:12,1
DA:13,1
DA:14,1
DA:17,1
DA:47,1
DA:56,1
DA:65,1
DA:74,1
DA:86,1
DA:97,1
DA:109,1
DA:119,1
DA:127,1
DA:136,1
DA:144,1
DA:154,1
LF:23
LH:23
end_of_record
SF:waldiez/models/agents/agent/code_execution.py
DA:3,1
DA:5,1
DA:6,1
DA:8,1
DA:11,1
DA:28,1
DA:37,1
DA:46,1
DA:56,1
DA:64,1
LF:10
LH:10
end_of_record
SF:waldiez/models/agents/agent/linked_skill.py
DA:3,1
DA:4,1
DA:6,1
DA:9,1
DA:20,1
DA:23,1
LF:6
LH:6
end_of_record
SF:waldiez/models/agents/agent/nested_chat.py
DA:3,1
DA:5,1
DA:6,1
DA:8,1
DA:11,1
DA:24,1
DA:27,1
DA:38,1
DA:50,1
DA:59,1
LF:10
LH:10
end_of_record
SF:waldiez/models/agents/agent/teachability.py
DA:3,1
DA:4,1
DA:6,1
DA:9,1
DA:26,1
DA:34,1
DA:42,1
DA:51,1
DA:60,1
LF:9
LH:9
end_of_record
SF:waldiez/models/agents/agent/termination_message.py
DA:3,1
DA:5,1
DA:6,1
DA:7,1
DA:9,1
DA:12,1
DA:37,1
DA:44,1
DA:55,1
DA:66,1
DA:77,1
DA:91,1
DA:93,1
DA:94,1
DA:107,1
DA:109,1
DA:111,1
DA:112,1
DA:115,1
DA:116,1
DA:119,1
DA:120,1
DA:121,1
DA:123,1
DA:125,1
DA:126,1
DA:127,1
DA:128,1
DA:130,1
DA:131,1
DA:132,1
DA:137,1
DA:138,1
DA:143,1
DA:144,1
DA:149,1
DA:150,1
DA:162,1
DA:163,1
DA:164,1
DA:165,1
DA:166,1
DA:167,1
DA:168,1
LF:44
LH:44
FN:94,107,WaldiezAgentTerminationMessage.string
FNDA:1,WaldiezAgentTerminationMessage.string
FN:109,121,WaldiezAgentTerminationMessage._validate_method_content
FNDA:1,WaldiezAgentTerminationMessage._validate_method_content
FN:123,147,WaldiezAgentTerminationMessage._validate_keyword
FNDA:1,WaldiezAgentTerminationMessage._validate_keyword
FN:150,168,WaldiezAgentTerminationMessage.validate_termination_message
FNDA:1,WaldiezAgentTerminationMessage.validate_termination_message
FNF:4
FNH:4
end_of_record
SF:waldiez/models/agents/agents.py
DA:3,1
DA:5,1
DA:6,1
DA:8,1
DA:9,1
DA:10,1
DA:11,1
DA:12,1
DA:13,1
DA:16,1
DA:31,1
DA:39,1
DA:47,1
DA:55,1
DA:64,1
DA:65,1
DA:73,1
DA:74,1
DA:75,1
DA:76,1
DA:78,1
DA:79,1
DA:95,1
DA:96,1
DA:97,1
DA:98,1
DA:99,1
DA:100,1
DA:102,1
DA:121,1
DA:122,1
DA:123,1
DA:124,1
DA:125,1
DA:126,1
DA:129,1
LF:36
LH:36
FN:65,76,WaldiezAgents.members
FNDA:1,WaldiezAgents.members
FN:79,100,WaldiezAgents.validate_agents
FNDA:1,WaldiezAgents.validate_agents
FN:102,129,WaldiezAgents.validate_flow
FNDA:1,WaldiezAgents.validate_flow
FNF:3
FNH:3
end_of_record
SF:waldiez/models/agents/assistant/__init__.py
DA:3,1
DA:4,1
DA:6,1
LF:3
LH:3
end_of_record
SF:waldiez/models/agents/assistant/assistant.py
DA:3,1
DA:4,1
DA:6,1
DA:7,1
DA:10,1
DA:25,1
DA:34,1
LF:7
LH:7
end_of_record
SF:waldiez/models/agents/assistant/assistant_data.py
DA:3,1
DA:4,1
DA:6,1
DA:9,1
DA:21,1
LF:5
LH:5
end_of_record
SF:waldiez/models/agents/group_manager/__init__.py
DA:3,1
DA:4,1
DA:5,1
DA:12,1
LF:4
LH:4
end_of_record
SF:waldiez/models/agents/group_manager/group_manager.py
DA:3,1
DA:5,1
DA:6,1
DA:8,1
DA:9,1
DA:10,1
DA:13,1
DA:33,1
DA:42,1
DA:51,1
DA:71,1
DA:72,1
DA:73,1
DA:74,1
DA:75,1
DA:76,1
DA:77,1
DA:78,1
DA:79,1
DA:83,1
DA:84,1
DA:85,1
DA:86,1
DA:87,1
LF:24
LH:24
FN:51,87,WaldiezGroupManager.validate_transitions
FNDA:1,WaldiezGroupManager.validate_transitions
FNF:1
FNH:1
end_of_record
SF:waldiez/models/agents/group_manager/group_manager_data.py
DA:3,1
DA:5,1
DA:6,1
DA:8,1
DA:9,1
DA:12,1
DA:36,1
DA:45,1
DA:54,1
DA:66,1
DA:74,1
DA:83,1
LF:12
LH:12
end_of_record
SF:waldiez/models/agents/group_manager/speakers.py
DA:3,1
DA:5,1
DA:6,1
DA:7,1
DA:9,1
DA:11,1
DA:18,1
DA:19,1
DA:22,1
DA:75,1
DA:82,1
DA:91,1
DA:108,1
DA:120,1
DA:133,1
DA:145,1
DA:157,1
DA:171,1
DA:173,1
DA:174,1
DA:182,1
DA:184,1
DA:185,1
DA:198,1
DA:199,1
DA:200,1
DA:201,1
DA:202,1
DA:205,1
DA:207,1
DA:210,1
DA:211,1
LF:32
LH:32
FN:174,182,WaldiezGroupManagerSpeakers.custom_method_string
FNDA:1,WaldiezGroupManagerSpeakers.custom_method_string
FN:185,211,WaldiezGroupManagerSpeakers.validate_group_speakers_config
FNDA:1,WaldiezGroupManagerSpeakers.validate_group_speakers_config
FNF:2
FNH:2
end_of_record
SF:waldiez/models/agents/rag_user/__init__.py
DA:6,1
DA:7,1
DA:8,1
DA:15,1
DA:17,1
LF:5
LH:5
end_of_record
SF:waldiez/models/agents/rag_user/rag_user.py
DA:6,1
DA:7,1
DA:9,1
DA:10,1
DA:11,1
DA:14,1
DA:30,1
DA:40,1
DA:49,1
DA:50,1
DA:58,1
LF:11
LH:11
FN:50,58,WaldiezRagUser.retrieve_config
FNDA:1,WaldiezRagUser.retrieve_config
FNF:1
FNH:1
end_of_record
SF:waldiez/models/agents/rag_user/rag_user_data.py
DA:3,1
DA:4,1
DA:6,1
DA:7,1
DA:10,1
DA:24,1
LF:6
LH:6
end_of_record
SF:waldiez/models/agents/rag_user/retrieve_config.py
DA:3,1
DA:5,1
DA:6,1
DA:7,1
DA:9,1
DA:10,1
DA:12,1
DA:13,1
DA:14,1
DA:15,1
DA:23,1
DA:143,1
DA:150,1
DA:165,1
DA:173,1
DA:181,1
DA:194,1
DA:208,1
DA:219,1
DA:231,1
DA:243,1
DA:256,1
DA:267,1
DA:279,1
DA:294,1
DA:304,1
DA:316,1
DA:327,1
DA:338,1
DA:348,1
DA:366,1
DA:378,1
DA:393,1
DA:405,1
DA:417,1
DA:431,1
DA:442,1
DA:454,1
DA:466,1
DA:468,1
DA:470,1
DA:472,1
DA:473,1
DA:481,1
DA:483,1
DA:484,1
DA:492,1
DA:494,1
DA:495,1
DA:503,1
DA:505,1
DA:513,1
DA:514,1
DA:515,1
DA:519,1
DA:520,1
DA:523,1
DA:524,1
DA:525,1
DA:527,1
DA:535,1
DA:536,1
DA:537,1
DA:541,1
DA:542,1
DA:545,1
DA:546,1
DA:547,1
DA:549,1
DA:557,1
DA:558,1
DA:559,1
DA:563,1
DA:564,1
DA:567,1
DA:568,1
DA:569,1
DA:571,1
DA:572,1
DA:585,1
DA:586,1
DA:587,1
DA:588,1
DA:589,1
DA:590,1
DA:591,1
DA:592,1
LF:87
LH:87
FN:473,481,WaldiezRagUserRetrieveConfig.embedding_function_string
FNDA:1,WaldiezRagUserRetrieveConfig.embedding_function_string
FN:484,492,WaldiezRagUserRetrieveConfig.token_count_function_string
FNDA:1,WaldiezRagUserRetrieveConfig.token_count_function_string
FN:495,503,WaldiezRagUserRetrieveConfig.text_split_function_string
FNDA:1,WaldiezRagUserRetrieveConfig.text_split_function_string
FN:505,525,WaldiezRagUserRetrieveConfig.validate_custom_embedding_function
FNDA:1,WaldiezRagUserRetrieveConfig.validate_custom_embedding_function
FN:527,547,WaldiezRagUserRetrieveConfig.validate_custom_token_count_function
FNDA:1,WaldiezRagUserRetrieveConfig.validate_custom_token_count_function
FN:549,569,WaldiezRagUserRetrieveConfig.validate_custom_text_split_function
FNDA:1,WaldiezRagUserRetrieveConfig.validate_custom_text_split_function
FN:572,592,WaldiezRagUserRetrieveConfig.validate_rag_user_data
FNDA:1,WaldiezRagUserRetrieveConfig.validate_rag_user_data
FNF:7
FNH:7
end_of_record
SF:waldiez/models/agents/rag_user/vector_db_config.py
DA:5,1
DA:6,1
DA:8,1
DA:9,1
DA:10,1
DA:12,1
DA:16,1
DA:47,1
DA:55,1
DA:63,1
DA:73,1
DA:84,1
DA:95,1
DA:103,1
DA:114,1
DA:125,1
DA:139,1
DA:140,1
DA:156,1
DA:157,1
DA:158,1
DA:161,1
DA:162,1
DA:163,1
DA:164,1
LF:25
LH:25
FN:140,164,WaldiezRagUserVectorDbConfig.validate_vector_db_config
FNDA:1,WaldiezRagUserVectorDbConfig.validate_vector_db_config
FNF:1
FNH:1
end_of_record
SF:waldiez/models/agents/user_proxy/__init__.py
DA:3,1
DA:4,1
DA:6,1
LF:3
LH:3
end_of_record
SF:waldiez/models/agents/user_proxy/user_proxy.py
DA:3,1
DA:4,1
DA:6,1
DA:7,1
DA:10,1
DA:25,1
DA:34,1
LF:7
LH:7
end_of_record
SF:waldiez/models/agents/user_proxy/user_proxy_data.py
DA:3,1
DA:4,1
DA:6,1
DA:9,1
DA:22,1
LF:5
LH:5
end_of_record
SF:waldiez/models/chat/__init__.py
DA:3,1
DA:4,1
DA:5,1
DA:10,1
DA:11,1
DA:13,1
LF:6
LH:6
end_of_record
SF:waldiez/models/chat/chat.py
DA:3,1
DA:5,1
DA:6,1
DA:8,1
DA:9,1
DA:10,1
DA:11,1
DA:12,1
DA:15,1
DA:44,1
DA:52,1
DA:61,1
DA:62,1
DA:64,1
DA:66,1
DA:67,1
DA:69,1
DA:70,1
DA:71,1
DA:73,1
DA:74,1
DA:76,1
DA:77,1
DA:78,1
DA:80,1
DA:81,1
DA:83,1
DA:85,1
DA:86,1
DA:97,1
DA:99,1
DA:100,1
DA:102,1
DA:104,1
DA:119,1
DA:120,1
DA:126,1
DA:127,1
DA:128,1
DA:129,1
LF:40
LH:40
FN:62,64,WaldiezChat.name
FNDA:1,WaldiezChat.name
FN:67,71,WaldiezChat.source
FNDA:1,WaldiezChat.source
FN:74,78,WaldiezChat.target
FNDA:1,WaldiezChat.target
FN:81,83,WaldiezChat.nested_chat
FNDA:1,WaldiezChat.nested_chat
FN:86,97,WaldiezChat.message
FNDA:1,WaldiezChat.message
FN:100,102,WaldiezChat.message_content
FNDA:1,WaldiezChat.message_content
FN:104,129,WaldiezChat.get_chat_args
FNDA:1,WaldiezChat.get_chat_args
FNF:7
FNH:7
end_of_record
SF:waldiez/models/chat/chat_data.py
DA:3,1
DA:5,1
DA:6,1
DA:7,1
DA:9,1
DA:10,1
DA:11,1
DA:12,1
DA:15,1
DA:63,1
DA:70,1
DA:73,1
DA:81,1
DA:89,1
DA:97,1
DA:105,1
DA:113,1
DA:122,1
DA:130,1
DA:139,1
DA:147,1
DA:156,1
DA:164,1
DA:173,1
DA:183,1
DA:185,1
DA:186,1
DA:188,1
DA:190,1
DA:191,1
DA:204,1
DA:205,1
DA:206,1
DA:207,1
DA:208,1
DA:210,1
DA:219,1
DA:221,1
DA:222,1
DA:223,1
DA:241,1
DA:242,1
DA:245,1
DA:246,1
DA:249,1
DA:250,1
DA:253,1
DA:254,1
DA:263,1
DA:267,1
DA:268,1
DA:270,1
DA:274,1
DA:275,1
DA:276,1
DA:277,1
DA:278,1
DA:279,1
DA:280,1
DA:282,1
DA:290,1
DA:291,1
DA:292,1
DA:293,1
DA:294,1
DA:295,1
DA:296,1
DA:297,1
DA:298,1
DA:299,1
DA:303,1
DA:304,1
DA:306,1
DA:314,1
DA:315,1
DA:316,1
DA:317,1
DA:318,1
DA:319,1
DA:320,1
DA:321,1
DA:322,1
DA:323,1
DA:324,1
DA:325,1
DA:326,1
LF:86
LH:86
FN:186,188,WaldiezChatData.message_content
FNDA:1,WaldiezChatData.message_content
FN:191,219,WaldiezChatData.validate_chat_data
FNDA:1,WaldiezChatData.validate_chat_data
FN:223,265,WaldiezChatData.validate_message
FNDA:1,WaldiezChatData.validate_message
FN:268,280,WaldiezChatData.summary_args
FNDA:1,WaldiezChatData.summary_args
FN:282,304,WaldiezChatData._get_context_args
FNDA:1,WaldiezChatData._get_context_args
FN:306,326,WaldiezChatData.get_chat_args
FNDA:1,WaldiezChatData.get_chat_args
FNF:6
FNH:6
end_of_record
SF:waldiez/models/chat/chat_message.py
DA:3,1
DA:5,1
DA:6,1
DA:8,1
DA:10,1
DA:15,1
DA:45,1
DA:62,1
DA:70,1
DA:78,1
DA:88,1
DA:121,1
DA:124,1
DA:125,1
DA:126,1
DA:127,1
DA:128,1
DA:129,1
DA:135,1
DA:141,1
DA:142,1
DA:148,1
DA:149,1
DA:150,1
DA:153,1
DA:156,1
DA:157,1
DA:158,1
DA:159,1
DA:165,1
DA:166,1
DA:167,1
DA:173,1
DA:182,1
DA:205,1
DA:206,1
DA:212,1
DA:213,1
DA:214,1
DA:215,1
DA:216,1
DA:217,1
DA:218,1
DA:219,1
DA:220,1
DA:221,1
DA:222,1
DA:225,1
DA:228,1
DA:240,1
DA:264,1
DA:265,1
DA:270,1
DA:273,1
DA:276,1
LF:55
LH:55
FN:88,179,validate_message_dict
FNDA:1,validate_message_dict
FN:182,225,_get_message_args_from_dict
FNDA:1,_get_message_args_from_dict
FN:228,273,_get_last_carryover_method_content
FNDA:1,_get_last_carryover_method_content
FNF:3
FNH:3
end_of_record
SF:waldiez/models/chat/chat_nested.py
DA:3,1
DA:5,1
DA:12,1
DA:13,1
DA:15,1
DA:16,1
DA:19,1
DA:30,1
DA:37,1
DA:45,1
DA:54,1
DA:55,1
DA:57,1
DA:58,1
DA:60,1
DA:62,1
DA:63,1
DA:65,1
DA:67,1
DA:68,1
DA:69,1
DA:91,1
DA:96,1
DA:97,1
DA:100,1
DA:101,1
DA:104,1
DA:105,1
DA:106,1
DA:107,1
DA:116,1
DA:118,1
DA:119,1
DA:132,1
DA:133,1
DA:134,1
DA:135,1
DA:136,1
DA:138,1
DA:146,1
DA:147,1
DA:148,1
DA:149,1
DA:150,1
DA:152,1
DA:160,1
LF:46
LH:46
FN:58,60,WaldiezChatNested.message_content
FNDA:1,WaldiezChatNested.message_content
FN:63,65,WaldiezChatNested.reply_content
FNDA:1,WaldiezChatNested.reply_content
FN:69,116,WaldiezChatNested.validate_message
FNDA:1,WaldiezChatNested.validate_message
FN:119,160,WaldiezChatNested.validate_nested_chat
FNDA:1,WaldiezChatNested.validate_nested_chat
FNF:4
FNH:4
end_of_record
SF:waldiez/models/chat/chat_summary.py
DA:3,1
DA:5,1
DA:11,1
DA:13,1
DA:15,1
DA:23,1
DA:36,1
DA:44,1
DA:52,1
DA:61,1
DA:62,1
DA:63,1
DA:78,1
DA:79,1
DA:80,1
DA:81,1
DA:82,1
DA:83,1
DA:84,1
DA:86,1
DA:87,1
DA:88,1
DA:105,1
DA:106,1
DA:107,1
DA:108,1
DA:109,1
DA:110,1
LF:28
LH:28
FN:63,84,WaldiezChatSummary.validate_summary_method
FNDA:1,WaldiezChatSummary.validate_summary_method
FN:88,110,WaldiezChatSummary.serialize_summary_method
FNDA:1,WaldiezChatSummary.serialize_summary_method
FNF:2
FNH:2
end_of_record
SF:waldiez/models/common/__init__.py
DA:3,1
DA:5,1
DA:6,1
DA:15,1
DA:23,1
DA:30,1
LF:6
LH:6
FN:15,27,now
FNDA:1,now
FNF:1
FNH:1
end_of_record
SF:waldiez/models/common/base.py
DA:3,1
DA:5,1
DA:6,1
DA:9,1
DA:16,1
DA:25,1
DA:38,1
DA:39,1
DA:40,1
DA:41,1
DA:42,1
DA:43,1
DA:45,1
DA:58,1
DA:59,1
DA:60,1
DA:61,1
DA:62,1
DA:63,1
LF:19
LH:19
FN:25,43,WaldiezBase.model_dump
FNDA:1,WaldiezBase.model_dump
FN:45,63,WaldiezBase.model_dump_json
FNDA:1,WaldiezBase.model_dump_json
FNF:2
FNH:2
end_of_record
SF:waldiez/models/common/method_utils.py
DA:4,1
DA:5,1
DA:7,1
DA:18,1
DA:36,1
DA:48,1
DA:65,1
DA:66,1
DA:67,1
DA:68,1
DA:71,1
DA:74,1
DA:96,1
DA:97,1
DA:98,1
DA:99,1
DA:100,1
DA:101,1
DA:102,1
DA:111,1
DA:137,1
DA:138,1
DA:139,1
DA:140,1
DA:141,1
DA:142,1
DA:146,1
DA:147,1
DA:148,1
DA:152,1
DA:155,1
DA:156,1
DA:158,1
DA:161,1
DA:162,1
DA:166,1
LF:36
LH:36
FN:48,71,parse_code_string
FNDA:1,parse_code_string
FN:74,108,check_function
FNDA:1,check_function
FN:111,166,_get_function_body
FNDA:1,_get_function_body
FNF:3
FNH:3
end_of_record
SF:waldiez/models/flow/__init__.py
DA:3,1
DA:4,1
DA:6,1
LF:3
LH:3
end_of_record
SF:waldiez/models/flow/flow.py
DA:3,1
DA:4,1
DA:5,1
DA:7,1
DA:8,1
DA:10,1
DA:11,1
DA:12,1
DA:13,1
DA:16,1
DA:24,1
DA:25,1
DA:26,1
DA:29,1
DA:56,1
DA:64,1
DA:72,1
DA:80,1
DA:88,1
DA:96,1
DA:104,1
DA:112,1
DA:121,1
DA:129,1
DA:137,1
DA:141,1
DA:142,1
DA:146,1
DA:147,1
DA:148,1
DA:150,1
DA:168,1
DA:169,1
DA:170,1
DA:171,1
DA:172,1
DA:173,1
DA:174,1
DA:175,1
DA:176,1
DA:177,1
DA:178,1
DA:179,1
DA:180,1
DA:182,1
DA:189,1
DA:190,1
DA:193,1
DA:194,1
DA:195,1
DA:196,1
DA:197,1
DA:198,1
DA:199,1
DA:200,1
DA:201,1
DA:202,1
DA:203,1
DA:204,1
DA:205,1
DA:207,1
DA:225,1
DA:226,1
DA:227,1
DA:228,1
DA:229,1
DA:230,1
DA:231,1
DA:233,1
DA:234,1
DA:235,1
DA:236,1
DA:237,1
DA:238,1
DA:240,1
DA:255,1
DA:256,1
DA:257,1
DA:258,1
DA:259,1
DA:261,1
DA:262,1
DA:263,1
DA:267,1
DA:279,1
DA:280,1
DA:306,1
DA:307,1
DA:308,1
DA:309,1
DA:310,1
DA:311,1
DA:312,1
DA:313,1
DA:314,1
DA:315,1
DA:316,1
LF:97
LH:97
FN:16,26,id_factory
FNDA:1,id_factory
FN:142,148,WaldiezFlow.ordered_flow
FNDA:1,WaldiezFlow.ordered_flow
FN:150,180,WaldiezFlow.get_agent_by_id
FNDA:1,WaldiezFlow.get_agent_by_id
FN:182,205,WaldiezFlow._get_flow_order
FNDA:1,WaldiezFlow._get_flow_order
FN:207,238,WaldiezFlow.get_agent_connections
FNDA:1,WaldiezFlow.get_agent_connections
FN:240,259,WaldiezFlow.get_group_chat_members
FNDA:1,WaldiezFlow.get_group_chat_members
FN:261,270,WaldiezFlow._validate_agent_connections
FNDA:1,WaldiezFlow._validate_agent_connections
FN:280,316,WaldiezFlow.validate_flow
FNDA:1,WaldiezFlow.validate_flow
FNF:8
FNH:8
end_of_record
SF:waldiez/models/flow/flow_data.py
DA:3,1
DA:5,1
DA:6,1
DA:8,1
DA:9,1
DA:10,1
DA:11,1
DA:12,1
DA:15,1
DA:43,1
DA:51,1
DA:59,1
DA:68,1
DA:76,1
DA:84,1
DA:92,1
LF:16
LH:16
end_of_record
SF:waldiez/models/model/__init__.py
DA:3,1
DA:4,1
DA:6,1
LF:3
LH:3
end_of_record
SF:waldiez/models/model/model.py
DA:3,1
DA:4,1
DA:6,1
DA:7,1
DA:9,1
DA:10,1
DA:12,1
DA:22,1
DA:46,1
DA:49,1
DA:57,1
DA:60,1
DA:68,1
DA:76,1
DA:84,1
DA:92,1
DA:100,1
DA:105,1
DA:106,1
DA:121,1
DA:122,1
DA:123,1
DA:124,1
DA:125,1
DA:126,1
DA:127,1
DA:128,1
DA:129,1
DA:131,1
DA:132,1
DA:134,1
DA:135,1
DA:136,1
DA:139,1
DA:143,1
DA:145,1
DA:158,1
DA:159,1
DA:160,1
DA:168,1
DA:169,1
DA:170,1
DA:171,1
DA:172,1
DA:173,1
DA:174,1
DA:175,1
DA:176,1
DA:177,1
DA:178,1
DA:181,1
DA:198,1
DA:199,1
DA:200,1
DA:201,1
DA:202,1
DA:203,1
DA:204,1
LF:58
LH:58
FN:106,129,WaldiezModel.api_key
FNDA:1,WaldiezModel.api_key
FN:132,143,WaldiezModel.price
FNDA:1,WaldiezModel.price
FN:145,178,WaldiezModel.get_llm_config
FNDA:1,WaldiezModel.get_llm_config
FN:181,204,set_default_base_url
FNDA:1,set_default_base_url
FNF:4
FNH:4
end_of_record
SF:waldiez/models/model/model_data.py
DA:4,1
DA:6,1
DA:7,1
DA:9,1
DA:11,1
DA:24,1
DA:35,1
DA:38,1
DA:44,1
DA:69,1
DA:78,1
DA:87,1
DA:96,1
DA:105,1
DA:114,1
DA:123,1
DA:132,1
DA:141,1
LF:18
LH:18
end_of_record
SF:waldiez/models/skill/__init__.py
DA:3,1
DA:4,1
DA:6,1
LF:3
LH:3
end_of_record
SF:waldiez/models/skill/skill.py
DA:3,1
DA:5,1
DA:6,1
DA:8,1
DA:9,1
DA:12,1
DA:37,1
DA:40,1
DA:48,1
DA:51,1
DA:59,1
DA:67,1
DA:75,1
DA:79,1
DA:87,1
DA:96,1
DA:97,1
DA:111,1
DA:112,1
DA:113,1
DA:116,1
DA:117,1
DA:118,1
DA:119,1
DA:121,1
DA:122,1
DA:124,1
DA:126,1
DA:127,1
DA:129,1
LF:30
LH:30
FN:97,119,WaldiezSkill.validate_data
FNDA:1,WaldiezSkill.validate_data
FN:122,124,WaldiezSkill.content
FNDA:1,WaldiezSkill.content
FN:127,129,WaldiezSkill.secrets
FNDA:1,WaldiezSkill.secrets
FNF:3
FNH:3
end_of_record
SF:waldiez/models/skill/skill_data.py
DA:3,1
DA:5,1
DA:6,1
DA:8,1
DA:11,1
DA:22,1
DA:30,1
LF:7
LH:7
end_of_record
SF:waldiez/models/waldiez.py
DA:8,1
DA:9,1
DA:10,1
DA:11,1
DA:12,1
DA:13,1
DA:15,1
DA:16,1
DA:17,1
DA:18,1
DA:19,1
DA:22,1
DA:23,1
DA:29,1
DA:31,1
DA:32,1
DA:63,1
DA:71,1
DA:73,1
DA:74,1
DA:107,1
DA:108,1
DA:109,1
DA:110,1
DA:111,1
DA:112,1
DA:113,1
DA:114,1
DA:115,1
DA:123,1
DA:142,1
DA:144,1
DA:145,1
DA:147,1
DA:149,1
DA:150,1
DA:152,1
DA:154,1
DA:155,1
DA:157,1
DA:159,1
DA:160,1
DA:168,1
DA:170,1
DA:171,1
DA:179,1
DA:181,1
DA:182,1
DA:190,1
DA:192,1
DA:193,1
DA:195,1
DA:197,1
DA:198,1
DA:200,1
DA:202,1
DA:203,1
DA:205,1
DA:207,1
DA:208,1
DA:210,1
DA:211,1
DA:219,1
DA:220,1
DA:221,1
DA:223,1
DA:224,1
DA:225,1
DA:227,1
DA:236,1
DA:237,1
DA:238,1
DA:241,1
DA:243,1
DA:251,1
DA:252,1
DA:253,1
DA:254,1
DA:255,1
DA:257,1
DA:270,1
DA:271,1
DA:272,1
DA:275,1
DA:284,1
DA:285,1
DA:287,1
DA:288,1
DA:295,1
DA:296,1
DA:297,1
DA:298,1
DA:299,1
DA:300,1
DA:301,1
DA:302,1
DA:303,1
DA:304,1
DA:305,1
DA:306,1
DA:309,1
DA:310,1
DA:313,1
DA:314,1
DA:315,1
DA:316,1
DA:319,1
LF:107
LH:107
FN:32,71,Waldiez.from_dict
FNDA:1,Waldiez.from_dict
FN:74,121,Waldiez.load
FNDA:1,Waldiez.load
FN:123,142,Waldiez.model_dump_json
FNDA:1,Waldiez.model_dump_json
FN:145,147,Waldiez.has_rag_agents
FNDA:1,Waldiez.has_rag_agents
FN:150,152,Waldiez.has_multimodal_agents
FNDA:1,Waldiez.has_multimodal_agents
FN:155,157,Waldiez.chats
FNDA:1,Waldiez.chats
FN:160,168,Waldiez.agents
FNDA:1,Waldiez.agents
FN:171,179,Waldiez.skills
FNDA:1,Waldiez.skills
FN:182,190,Waldiez.models
FNDA:1,Waldiez.models
FN:193,195,Waldiez.name
FNDA:1,Waldiez.name
FN:198,200,Waldiez.description
FNDA:1,Waldiez.description
FN:203,205,Waldiez.tags
FNDA:1,Waldiez.tags
FN:208,241,Waldiez.requirements
FNDA:1,Waldiez.requirements
FN:243,255,Waldiez.get_flow_env_vars
FNDA:1,Waldiez.get_flow_env_vars
FN:257,272,Waldiez.get_group_chat_members
FNDA:1,Waldiez.get_group_chat_members
FN:275,306,_get_flow
FNDA:1,_get_flow
FN:310,319,_get_autogen_version
FNDA:1,_get_autogen_version
FNF:17
FNH:17
end_of_record
SF:waldiez/runner.py
DA:12,1
DA:13,1
DA:14,1
DA:15,1
DA:16,1
DA:17,1
DA:18,1
DA:19,1
DA:20,1
DA:21,1
DA:22,1
DA:23,1
DA:24,1
DA:25,1
DA:37,1
DA:38,1
DA:44,1
DA:45,1
DA:58,1
DA:59,1
DA:60,1
DA:61,1
DA:63,1
DA:66,1
DA:69,1
DA:73,1
DA:74,1
DA:75,1
DA:76,1
DA:77,1
DA:79,1
DA:80,1
DA:115,0
DA:122,0
DA:124,1
DA:128,0
DA:130,1
DA:137,0
DA:138,0
DA:140,1
DA:141,1
DA:143,1
DA:145,1
DA:146,1
DA:148,0
DA:150,1
DA:152,1
DA:153,1
DA:154,1
DA:157,1
DA:158,1
DA:159,1
DA:160,1
DA:161,1
DA:162,0
DA:163,1
DA:164,1
DA:169,1
DA:170,1
DA:171,1
DA:172,1
DA:173,1
DA:174,1
DA:175,1
DA:177,1
DA:178,1
DA:183,1
DA:184,1
DA:185,1
DA:190,1
DA:192,1
DA:193,1
DA:195,1
DA:200,1
DA:201,1
DA:202,1
DA:204,1
DA:205,1
DA:207,1
DA:209,1
DA:210,1
DA:211,0
DA:212,0
DA:213,0
DA:214,0
DA:215,1
DA:217,1
DA:218,1
DA:220,1
DA:221,0
DA:222,0
DA:224,0
DA:226,1
DA:245,1
DA:246,1
DA:248,0
DA:249,0
DA:250,0
DA:255,0
DA:256,0
DA:257,0
DA:259,0
DA:260,0
DA:261,0
DA:262,0
DA:263,0
DA:264,0
DA:265,0
DA:268,0
DA:269,0
DA:270,0
DA:271,0
DA:272,0
DA:273,0
DA:276,0
DA:277,0
DA:278,0
DA:279,0
DA:280,0
DA:281,0
DA:282,0
DA:283,0
DA:284,0
DA:285,0
DA:286,0
DA:287,0
DA:289,1
DA:313,1
DA:314,0
DA:315,1
DA:316,1
DA:317,1
DA:318,1
DA:320,0
DA:323,1
DA:331,1
DA:336,1
DA:339,1
DA:341,1
DA:342,1
DA:344,0
DA:347,0
DA:348,0
DA:349,0
DA:352,0
DA:353,0
DA:355,0
DA:357,0
DA:360,1
DA:368,1
DA:370,1
DA:372,1
DA:373,1
DA:374,1
DA:375,1
DA:377,1
DA:378,1
DA:379,1
DA:380,1
DA:381,1
DA:384,1
DA:387,1
DA:388,1
DA:389,1
DA:390,1
DA:394,1
DA:397,1
DA:412,1
DA:413,1
DA:414,0
DA:415,1
DA:416,1
DA:417,0
DA:418,1
DA:419,1
DA:420,0
DA:421,1
DA:422,1
DA:423,1
LF:179
LH:121
FN:45,63,_chdir
FNDA:1,_chdir
FN:69,77,WaldiezRunner.__init__
FNDA:1,WaldiezRunner.__init__
FN:80,122,WaldiezRunner.load
FNDA:0,WaldiezRunner.load
FN:124,128,WaldiezRunner.__enter__
FNDA:0,WaldiezRunner.__enter__
FN:130,138,WaldiezRunner.__exit__
FNDA:0,WaldiezRunner.__exit__
FN:141,143,WaldiezRunner.waldiez
FNDA:1,WaldiezRunner.waldiez
FN:146,148,WaldiezRunner.running
FNDA:0,WaldiezRunner.running
FN:150,175,WaldiezRunner.install_requirements
FNDA:1,WaldiezRunner.install_requirements
FN:178,205,WaldiezRunner._after_run
FNDA:1,WaldiezRunner._after_run
FN:207,215,WaldiezRunner._set_env_vars
FNDA:1,WaldiezRunner._set_env_vars
FN:218,224,WaldiezRunner._reset_env_vars
FNDA:1,WaldiezRunner._reset_env_vars
FN:226,287,WaldiezRunner._do_run
FNDA:1,WaldiezRunner._do_run
FN:289,320,WaldiezRunner.run
FNDA:1,WaldiezRunner.run
FN:323,333,in_virtualenv
FNDA:1,in_virtualenv
FN:336,357,refresh_environment
FNDA:1,refresh_environment
FN:360,394,get_printer
FNDA:1,get_printer
FN:372,392,get_printer.safe_printer
FNDA:1,get_printer.safe_printer
FN:397,423,get_what_to_print
FNDA:1,get_what_to_print
FNF:18
FNH:14
end_of_record
