<?xml version="1.0" encoding="utf-8"?><testsuites><testsuite name="pytest" errors="0" failures="0" skipped="0" tests="138" time="31.563" timestamp="2024-12-22T13:10:23.452538+02:00" hostname="fedora"><testcase classname="tests.exporting.agents.test_agent" name="test_get_agent_class_name" time="0.003" /><testcase classname="tests.exporting.agents.rag_user.test_rag_user" name="test_get_rag_user_extras_with_custom_embedding_function" time="0.007" /><testcase classname="tests.exporting.agents.rag_user.test_vector_db" name="test_get_rag_user_vector_db_string_mongodb" time="0.006" /><testcase classname="tests.exporting.agents.rag_user.test_chroma_utils" name="test_get_chroma_db_args" time="0.006" /><testcase classname="tests.exporting.agents.rag_user.test_qdrant_utils" name="test_get_qdrant_db_args_custom_embeddings" time="0.005" /><testcase classname="tests.exporting.agents.rag_user.test_pgvector_utils" name="test_get_pgvector_db_args_custom_embeddings" time="0.006" /><testcase classname="tests.exporting.agents.test_agent" name="test_export_agent_custom_termination" time="0.004" /><testcase classname="tests.exporting.agents.rag_user.test_mongo_utils" name="test_get_mongodb_db_custom_embeddings" time="0.005" /><testcase classname="tests.exporting.agents.rag_user.test_vector_db" name="test_get_rag_user_vector_db_string_chroma" time="0.008" /><testcase classname="tests.exporting.agents.rag_user.test_chroma_utils" name="test_get_chroma_db_custom_embeddings" time="0.006" /><testcase classname="tests.exporting.agents.rag_user.test_vector_db" name="test_get_rag_user_vector_db_string_custom_embedding" time="0.007" /><testcase classname="tests.exporting.agents.rag_user.test_qdrant_utils" name="test_get_qdrant_db_args_local_storage" time="0.004" /><testcase classname="tests.exporting.agents.test_agent" name="test_export_agent" time="0.001" /><testcase classname="tests.exporting.agents.rag_user.test_rag_user" name="test_get_rag_user_extras" time="0.002" /><testcase classname="tests.exporting.agents.test_agent" name="test_export_group_manager" time="0.002" /><testcase classname="tests.exporting.agents.test_agent" name="test_export_rag_user" time="0.002" /><testcase classname="tests.exporting.agents.rag_user.test_mongo_utils" name="test_get_mongodb_db_args" time="0.001" /><testcase classname="tests.exporting.agents.rag_user.test_qdrant_utils" name="test_get_qdrant_db_args" time="0.001" /><testcase classname="tests.exporting.agents.test_agent" name="test_export_agent_with_skills_and_code_execution" time="0.001" /><testcase classname="tests.exporting.agents.test_termination_message" name="test_get_is_termination_message" time="0.002" /><testcase classname="tests.exporting.agents.test_agent_skills" name="test_get_agent_skill_registrations" time="0.001" /><testcase classname="tests.exporting.agents.test_code_excution" name="test_get_agent_code_execution_config" time="0.001" /><testcase classname="tests.exporting.agents.rag_user.test_vector_db" name="test_get_rag_user_vector_db_string_with_metadata" time="0.001" /><testcase classname="tests.exporting.agents.test_group_manager" name="test_get_group_manager_extras" time="0.001" /><testcase classname="tests.exporting.agents.test_llm_config" name="test_get_agent_llm_config" time="0.001" /><testcase classname="tests.exporting.chats.test_helpers" name="test_export_single_chat_string" time="0.004" /><testcase classname="tests.exporting.chats.test_helpers" name="test_rag_user_with_multiple_chats" time="0.004" /><testcase classname="tests.exporting.chats.test_chats" name="test_export_chats" time="0.004" /><testcase classname="tests.exporting.agents.rag_user.test_pgvector_utils" name="test_get_pgvector_db_args" time="0.001" /><testcase classname="tests.exporting.chats.test_helpers" name="test_export_multiple_chats_string" time="0.002" /><testcase classname="tests.exporting.agents.rag_user.test_chroma_utils" name="test_get_chroma_db_args_no_local" time="0.001" /><testcase classname="tests.exporting.chats.test_nested" name="test_get_chat_nested_string" time="0.001" /><testcase classname="tests.exporting.flow.test_def_main" name="test_get_def_main" time="0.001" /><testcase classname="tests.exporting.agents.rag_user.test_vector_db" name="test_get_rag_user_vector_db_string_pgvector" time="0.001" /><testcase classname="tests.exporting.flow.test_flow" name="test_export_flow" time="0.007" /><testcase classname="tests.exporting.agents.rag_user.test_rag_user" name="test_get_rag_user_retrieve_config_str" time="0.002" /><testcase classname="tests.exporting.utils.test_importing" name="test_get_imports_string" time="0.002" /><testcase classname="tests.exporting.utils.test_comments" name="test_comment" time="0.001" /><testcase classname="tests.exporting.skills.test_skills" name="test_get_agent_skill_registration" time="0.002" /><testcase classname="tests.exporting.chats.test_helpers" name="test_export_empty_single_chat_string" time="0.001" /><testcase classname="tests.exporting.agents.rag_user.test_vector_db" name="test_get_rag_user_vector_db_string_qdrant" time="0.001" /><testcase classname="tests.exporting.utils.test_logging_utils" name="test_get_logging_stop_string" time="0.001" /><testcase classname="tests.exporting.agents.test_teachability" name="test_get_agent_teachability_string" time="0.001" /><testcase classname="tests.exporting.utils.test_naming" name="test_get_valid_instance_name" time="0.002" /><testcase classname="tests.exporting.agents.test_code_excution" name="test_get_agent_code_execution_config_no_code_execution" time="0.001" /><testcase classname="tests.exporting.utils.test_naming" name="test_get_escaped_string" time="0.001" /><testcase classname="tests.exporting.chats.test_nested" name="test_export_nested_chat" time="0.005" /><testcase classname="tests.exporting.agents.test_agent" name="test_export_multimodal_agent" time="0.001" /><testcase classname="tests.exporting.utils.test_logging_utils" name="test_get_sqlite_to_csv_string" time="0.001" /><testcase classname="tests.exporting.chats.test_helpers" name="test_chat_with_rag_user" time="0.001" /><testcase classname="tests.models.agents.agent.test_agent_data" name="test_waldiez_agent_data" time="0.001" /><testcase classname="tests.exporting.utils.test_path_check" name="test_get_path_string" time="0.001" /><testcase classname="tests.exporting.utils.test_path_check" name="test_get_path_string_no_path" time="0.002" /><testcase classname="tests.exporting.agents.rag_user.test_qdrant_utils" name="test_get_qdrant_db_args_with_connection_url" time="0.001" /><testcase classname="tests.exporting.utils.test_comments" name="test_get_pylint_ignore_comment" time="0.001" /><testcase classname="tests.exporting.utils.test_comments" name="test_get_comment" time="0.001" /><testcase classname="tests.exporting.utils.test_logging_utils" name="test_get_sqlite_to_csv_call_string" time="0.001" /><testcase classname="tests.exporting.skills.test_skills" name="test_export_skills" time="0.002" /><testcase classname="tests.exporting.models.test_models" name="test_export_models" time="0.003" /><testcase classname="tests.exporting.utils.test_naming" name="test_get_valid_python_variable_name" time="0.002" /><testcase classname="tests.exporting.utils.test_method_utils" name="test_get_method_string" time="0.001" /><testcase classname="tests.exporting.utils.test_logging_utils" name="test_get_logging_start_string" time="0.001" /><testcase classname="tests.exporting.utils.test_object_string" name="test_get_object_string" time="0.001" /><testcase classname="tests.exporting.utils.test_path_check" name="test_get_path_string_not_local" time="0.001" /><testcase classname="tests.models.agents.agent.test_agent_data" name="test_is_multimodal" time="0.001" /><testcase classname="tests.models.agents.agent.test_agent" name="test_waldiez_agent" time="0.001" /><testcase classname="tests.models.agents.agent.test_code_execution" name="test_waldiez_agent_code_execution" time="0.001" /><testcase classname="tests.exporting.utils.test_importing" name="test_add_autogen_dot_import" time="0.001" /><testcase classname="tests.models.agents.agent.test_nested_chat" name="test_waldiez_agent_nested_chat" time="0.001" /><testcase classname="tests.models.agents.agent.test_termination_message" name="test_waldiez_agent_termination_message_keyword" time="0.001" /><testcase classname="tests.models.agents.agent.test_nested_chat" name="test_waldiez_agent_nested_chat_message" time="0.001" /><testcase classname="tests.models.agents.agent.test_linked_skill" name="test_waldiez_agent_linked_skill" time="0.001" /><testcase classname="tests.models.agents.agent.test_termination_message" name="test_waldiez_agent_termination_message_method" time="0.002" /><testcase classname="tests.models.agents.assistant.test_assistant" name="test_waldiez_assistant" time="0.001" /><testcase classname="tests.models.agents.assistant.test_assistant_data" name="test_waldiez_assistant_data" time="0.001" /><testcase classname="tests.models.agents.group_manager.test_group_manager" name="test_waldiez_group_manager" time="0.001" /><testcase classname="tests.models.agents.group_manager.test_group_manager" name="test_waldiez_group_manager_transitions" time="0.002" /><testcase classname="tests.models.agents.group_manager.test_group_manager_data" name="test_waldiez_group_manager_data" time="0.001" /><testcase classname="tests.models.agents.rag_user.test_rag_user" name="test_waldiez_rag_user" time="0.001" /><testcase classname="tests.models.agents.rag_user.test_retrieve_config" name="test_waldiez_rag_user_retrieve_config_custom_embedding" time="0.001" /><testcase classname="tests.models.agents.group_manager.test_speakers" name="test_waldiez_group_manager_speakers" time="0.003" /><testcase classname="tests.models.agents.rag_user.test_retrieve_config" name="test_waldiez_rag_user_retrieve_config" time="0.001" /><testcase classname="tests.models.agents.rag_user.test_retrieve_config" name="test_waldiez_rag_user_retrieve_config_custom_token_count" time="0.002" /><testcase classname="tests.models.agents.rag_user.test_vector_db_config" name="test_waldiez_rag_user_vector_db_config_local_storage" time="0.001" /><testcase classname="tests.models.agents.rag_user.test_vector_db_config" name="test_waldiez_rag_user_vector_db_config" time="0.001" /><testcase classname="tests.models.agents.rag_user.test_rag_user_data" name="test_waldiez_rag_user_data" time="0.002" /><testcase classname="tests.models.agents.user_proxy.test_user_proxy" name="test_waldiez_user_proxy" time="0.001" /><testcase classname="tests.models.agents.test_agents" name="test_waldiez_agents" time="0.002" /><testcase classname="tests.models.agents.rag_user.test_retrieve_config" name="test_waldiez_rag_user_retrieve_config_custom_text_split" time="0.002" /><testcase classname="tests.models.agents.user_proxy.test_user_proxy_data" name="test_waldiez_user_proxy_data" time="0.001" /><testcase classname="tests.models.chat.test_chat_data" name="test_waldiez_chat_data_message" time="0.002" /><testcase classname="tests.models.chat.test_chat_message" name="test_waldiez_chat_message" time="0.001" /><testcase classname="tests.models.chat.test_chat" name="test_waldiez_chat" time="0.002" /><testcase classname="tests.models.chat.test_chat" name="test_waldiez_chat_with_rag_user" time="0.002" /><testcase classname="tests.models.chat.test_chat_data" name="test_waldiez_chat_summary" time="0.002" /><testcase classname="tests.models.chat.test_chat_message" name="test_validate_message_dict" time="0.002" /><testcase classname="tests.models.chat.test_chat_message" name="test_rag_message_generator_message" time="0.002" /><testcase classname="tests.models.chat.test_chat_data" name="test_waldiez_chat_data" time="0.003" /><testcase classname="tests.models.chat.test_chat_nested" name="test_waldiez_chat_nested" time="0.002" /><testcase classname="tests.models.common.test_method_utils" name="test_parse_code_string" time="0.001" /><testcase classname="tests.models.flow.test_flow" name="test_waldiez_flow" time="0.005" /><testcase classname="tests.models.flow.test_flow_data" name="test_waldiez_flow_data" time="0.002" /><testcase classname="tests.models.model.test_model" name="test_waldiez_model_api_key_and_price" time="0.001" /><testcase classname="tests.models.common.test_method_utils" name="test_check_function" time="0.002" /><testcase classname="tests.models.common.test_now" name="test_now" time="0.001" /><testcase classname="tests.models.model.test_model" name="test_valid_waldiez_model" time="0.002" /><testcase classname="tests.models.chat.test_chat_summary" name="test_waldiez_chat_summary" time="0.001" /><testcase classname="tests.models.model.test_model" name="test_waldiez_invalid_model" time="0.001" /><testcase classname="tests.models.common.test_base" name="test_waldiez_base" time="0.001" /><testcase classname="tests.models.model.test_model" name="test_waldiez_api_key" time="0.001" /><testcase classname="tests.models.model.test_model" name="test_waldiez_model_use_default_base_url" time="0.001" /><testcase classname="tests.models.model.test_model_data" name="test_waldiez_model_price" time="0.001" /><testcase classname="tests.test_cli" name="test_empty_cli" time="0.034" /><testcase classname="tests.test_cli" name="test_get_version" time="0.005" /><testcase classname="tests.models.skill.test_skill_data" name="test_waldiez_skill_data" time="0.001" /><testcase classname="tests.test_cli" name="test_help" time="0.045" /><testcase classname="tests.models.model.test_model_data" name="test_waldiez_model_data" time="0.001" /><testcase classname="tests.models.skill.test_skill" name="test_invalid_skill" time="0.001" /><testcase classname="tests.test_cli" name="test_cli_run" time="4.800" /><testcase classname="tests.test_cli" name="test_cli_export" time="2.250" /><testcase classname="tests.models.skill.test_skill" name="test_waldiez_skill" time="0.001" /><testcase classname="tests.test_exporter" name="test_exporter_load_invalid_path" time="0.001" /><testcase classname="tests.test_exporter" name="test_export_load_from_file" time="0.009" /><testcase classname="tests.test_cli" name="test_cli_check" time="0.011" /><testcase classname="tests.test_exporter" name="test_exporter_force" time="0.004" /><testcase classname="tests.test_exporter" name="test_export_complex_flow" time="0.011" /><testcase classname="tests.test_exporter" name="test_exporter_use_directory" time="0.008" /><testcase classname="tests.test_exporter" name="test_export_to_waldiez" time="0.009" /><testcase classname="tests.test_waldiez" name="test_waldiez" time="0.008" /><testcase classname="tests.test_runner" name="test_waldiez_runner" time="4.554" /><testcase classname="tests.test_runner" name="test_waldiez_with_invalid_requirement" time="4.154" /><testcase classname="tests.test_waldiez" name="test_waldiez_errors" time="0.003" /><testcase classname="tests.test_runner" name="test_get_printer" time="0.003" /><testcase classname="tests.test_waldiez" name="test_waldiez_without_rag" time="0.007" /><testcase classname="tests.test_exporter" name="test_exporter_file_exists" time="0.008" /><testcase classname="tests.test_exporter" name="test_export_to_py" time="0.007" /><testcase classname="tests.test_exporter" name="test_export_to_invalid_extension" time="0.003" /><testcase classname="tests.test_exporter" name="test_export_to_ipynb" time="1.173" /></testsuite></testsuites>
